{"name": "test_03_To_verify_that_summary_dashboard_should_be_available", "status": "failed", "statusDetails": {"message": "AssertionError", "trace": "self = <testcases.test_Grafana.Test_Grafana object at 0x000001FF3C95B9A0>\nsetup = <selenium.webdriver.chrome.webdriver.WebDriver (session=\"b41aea6c98470c41065c86908edc57df\")>\n\n    @pytest.mark.regression\n    def test_03_To_verify_that_summary_dashboard_should_be_available(self, setup):\n        self.logger.info(\"*************** Test_002_Login *****************\")\n        self.logger.info(\"****Started Home page title test ****\")\n        self.driver = setup\n        self.logger.info(\"****Opening URL****\")\n        self.driver.get(self.grafanaurl)\n        self.gf = Grafana_Installation(self.driver)\n        self.gf.Login_grafana()\n>       self.gf.table_Data()\n\ntestcases\\test_Grafana.py:69: \n_ _ _ _ _ _ _ _ _ _ _ _ _ _ _ _ _ _ _ _ _ _ _ _ _ _ _ _ _ _ _ _ _ _ _ _ _ _ _ _\n\nself = <pageobject.Grafana_Installation.Grafana_Installation object at 0x000001FF3D559810>\n\n    def table_Data(self):\n        status = self.driver.find_element_by_xpath(self.Grafana_No_data)\n        rtstatus = status.is_displayed()\n        print(rtstatus)\n>       assert rtstatus == False\nE       AssertionError\n\npageobject\\Grafana_Installation.py:36: AssertionError"}, "attachments": [{"name": "log", "source": "8bc860f6-3a32-48dc-83e4-89a7dacd053d-attachment.txt", "type": "text/plain"}], "start": 1660986924020, "stop": 1660986948340, "uuid": "942d90b5-adff-4c55-a211-70605054f10f", "historyId": "aa3da276b25ec89b25f4d14e850a988d", "testCaseId": "4af84220d871af4028aebd630fa77b74", "fullName": "test_Grafana.Test_Grafana#test_03_To_verify_that_summary_dashboard_should_be_available", "labels": [{"name": "tag", "value": "regression"}, {"name": "suite", "value": "test_Grafana"}, {"name": "subSuite", "value": "Test_Grafana"}, {"name": "host", "value": "LAPTOP-83K3QJ4L"}, {"name": "thread", "value": "12884-MainThread"}, {"name": "framework", "value": "pytest"}, {"name": "language", "value": "cpython3"}, {"name": "package", "value": "test_Grafana"}]}