{"name": "test_03_To_verify_that_summary_dashboard_should_be_available", "status": "failed", "statusDetails": {"message": "AssertionError", "trace": "self = <testcases.test_Grafana.Test_Grafana object at 0x00000223566AF8B0>\nsetup = <selenium.webdriver.chrome.webdriver.WebDriver (session=\"556e14469fdb7bd554f70cbf74ded62b\")>\n\n    @pytest.mark.regression\n    def test_03_To_verify_that_summary_dashboard_should_be_available(self, setup):\n        self.logger.info(\"*************** To_verify_that_summary_dashboard_should_be_availabl*****************\")\n        self.logger.info(\"****Started Home page title test ****\")\n        self.logger.debug(\"setup method was called\")\n        self.driver = setup\n        self.logger.info(\"****Opening URL****\")\n        self.driver.get(self.grafanaurl)\n        self.gf = Grafana_Installation(self.driver)\n        self.gf.Login_grafana()\n>       self.gf.table_Data()\n\ntestcases\\test_Grafana.py:81: \n_ _ _ _ _ _ _ _ _ _ _ _ _ _ _ _ _ _ _ _ _ _ _ _ _ _ _ _ _ _ _ _ _ _ _ _ _ _ _ _\n\nself = <pageobject.Grafana_Installation.Grafana_Installation object at 0x0000022357350C10>\n\n    def table_Data(self):\n        status = self.driver.find_element_by_xpath(self.Grafana_No_data)\n        rtstatus = status.is_displayed()\n        print(rtstatus)\n>       assert rtstatus == False\nE       AssertionError\n\npageobject\\Grafana_Installation.py:39: AssertionError"}, "attachments": [{"name": "log", "source": "74dde8ac-5745-450e-baad-f3c03a97dec0-attachment.txt", "type": "text/plain"}], "start": 1661166072215, "stop": 1661166091220, "uuid": "d9eef9cd-b7ba-4ec4-8ec0-5a965c578bb2", "historyId": "aa3da276b25ec89b25f4d14e850a988d", "testCaseId": "4af84220d871af4028aebd630fa77b74", "fullName": "test_Grafana.Test_Grafana#test_03_To_verify_that_summary_dashboard_should_be_available", "labels": [{"name": "tag", "value": "regression"}, {"name": "suite", "value": "test_Grafana"}, {"name": "subSuite", "value": "Test_Grafana"}, {"name": "host", "value": "LAPTOP-83K3QJ4L"}, {"name": "thread", "value": "21388-MainThread"}, {"name": "framework", "value": "pytest"}, {"name": "language", "value": "cpython3"}, {"name": "package", "value": "test_Grafana"}]}